# Logfile created on 2014-11-26 12:10:39 +0530 by logger.rb/44203
I, [2014-11-26T12:10:39.865212 #28361]  INFO -- : 0:  rake (10.4.0) from /home/nithin/.rvm/gems/ruby-2.1.0/specifications/rake-10.4.0.gemspec
I, [2014-11-26T12:10:39.865646 #28361]  INFO -- : 0:  i18n (0.6.11) from /home/nithin/.rvm/gems/ruby-2.1.0/specifications/i18n-0.6.11.gemspec
I, [2014-11-26T12:10:39.865953 #28361]  INFO -- : 0:  json (1.8.1) from /home/nithin/.rvm/rubies/ruby-2.1.0/lib/ruby/gems/2.1.0/specifications/default/json-1.8.1.gemspec
I, [2014-11-26T12:10:39.866306 #28361]  INFO -- : 0:  minitest (5.4.3) from /home/nithin/.rvm/gems/ruby-2.1.0/specifications/minitest-5.4.3.gemspec
I, [2014-11-26T12:10:39.866617 #28361]  INFO -- : 0:  thread_safe (0.3.4) from /home/nithin/.rvm/gems/ruby-2.1.0/specifications/thread_safe-0.3.4.gemspec
I, [2014-11-26T12:10:39.866943 #28361]  INFO -- : 0:  tzinfo (1.2.2) from /home/nithin/.rvm/gems/ruby-2.1.0/specifications/tzinfo-1.2.2.gemspec
I, [2014-11-26T12:10:39.867300 #28361]  INFO -- : 0:  activesupport (4.1.5) from /home/nithin/.rvm/gems/ruby-2.1.0/specifications/activesupport-4.1.5.gemspec
I, [2014-11-26T12:10:39.867616 #28361]  INFO -- : 0:  builder (3.2.2) from /home/nithin/.rvm/gems/ruby-2.1.0@global/specifications/builder-3.2.2.gemspec
I, [2014-11-26T12:10:39.867917 #28361]  INFO -- : 0:  erubis (2.7.0) from /home/nithin/.rvm/gems/ruby-2.1.0@global/specifications/erubis-2.7.0.gemspec
I, [2014-11-26T12:10:39.868219 #28361]  INFO -- : 0:  actionview (4.1.5) from /home/nithin/.rvm/gems/ruby-2.1.0/specifications/actionview-4.1.5.gemspec
I, [2014-11-26T12:10:39.868520 #28361]  INFO -- : 0:  rack (1.5.2) from /home/nithin/.rvm/gems/ruby-2.1.0/specifications/rack-1.5.2.gemspec
I, [2014-11-26T12:10:39.868816 #28361]  INFO -- : 0:  rack-test (0.6.2) from /home/nithin/.rvm/gems/ruby-2.1.0/specifications/rack-test-0.6.2.gemspec
I, [2014-11-26T12:10:39.869141 #28361]  INFO -- : 0:  actionpack (4.1.5) from /home/nithin/.rvm/gems/ruby-2.1.0/specifications/actionpack-4.1.5.gemspec
I, [2014-11-26T12:10:39.869460 #28361]  INFO -- : 0:  mime-types (1.25.1) from /home/nithin/.rvm/gems/ruby-2.1.0@global/specifications/mime-types-1.25.1.gemspec
I, [2014-11-26T12:10:39.869759 #28361]  INFO -- : 0:  polyglot (0.3.5) from /home/nithin/.rvm/gems/ruby-2.1.0/specifications/polyglot-0.3.5.gemspec
I, [2014-11-26T12:10:39.870059 #28361]  INFO -- : 0:  treetop (1.4.15) from /home/nithin/.rvm/gems/ruby-2.1.0@global/specifications/treetop-1.4.15.gemspec
I, [2014-11-26T12:10:39.870386 #28361]  INFO -- : 0:  mail (2.5.4) from /home/nithin/.rvm/gems/ruby-2.1.0@global/specifications/mail-2.5.4.gemspec
I, [2014-11-26T12:10:39.870711 #28361]  INFO -- : 0:  actionmailer (4.1.5) from /home/nithin/.rvm/gems/ruby-2.1.0/specifications/actionmailer-4.1.5.gemspec
I, [2014-11-26T12:10:39.871041 #28361]  INFO -- : 0:  activemodel (4.1.5) from /home/nithin/.rvm/gems/ruby-2.1.0/specifications/activemodel-4.1.5.gemspec
I, [2014-11-26T12:10:39.871339 #28361]  INFO -- : 0:  arel (5.0.1.20140414130214) from /home/nithin/.rvm/gems/ruby-2.1.0/specifications/arel-5.0.1.20140414130214.gemspec
I, [2014-11-26T12:10:39.871650 #28361]  INFO -- : 0:  activerecord (4.1.5) from /home/nithin/.rvm/gems/ruby-2.1.0/specifications/activerecord-4.1.5.gemspec
I, [2014-11-26T12:10:39.871972 #28361]  INFO -- : 0:  coffee-script-source (1.8.0) from /home/nithin/.rvm/gems/ruby-2.1.0/specifications/coffee-script-source-1.8.0.gemspec
I, [2014-11-26T12:10:39.872284 #28361]  INFO -- : 0:  execjs (2.2.2) from /home/nithin/.rvm/gems/ruby-2.1.0/specifications/execjs-2.2.2.gemspec
I, [2014-11-26T12:10:39.872583 #28361]  INFO -- : 0:  coffee-script (2.3.0) from /home/nithin/.rvm/gems/ruby-2.1.0/specifications/coffee-script-2.3.0.gemspec
I, [2014-11-26T12:10:39.872876 #28361]  INFO -- : 0:  thor (0.19.1) from /home/nithin/.rvm/gems/ruby-2.1.0/specifications/thor-0.19.1.gemspec
I, [2014-11-26T12:10:39.873224 #28361]  INFO -- : 0:  railties (4.1.5) from /home/nithin/.rvm/gems/ruby-2.1.0/specifications/railties-4.1.5.gemspec
I, [2014-11-26T12:10:39.873517 #28361]  INFO -- : 0:  coffee-rails (4.0.1) from /home/nithin/.rvm/gems/ruby-2.1.0/specifications/coffee-rails-4.0.1.gemspec
I, [2014-11-26T12:10:39.873852 #28361]  INFO -- : 0:  hike (1.2.3) from /home/nithin/.rvm/gems/ruby-2.1.0@global/specifications/hike-1.2.3.gemspec
I, [2014-11-26T12:10:39.874162 #28361]  INFO -- : 0:  multi_json (1.10.1) from /home/nithin/.rvm/gems/ruby-2.1.0/specifications/multi_json-1.10.1.gemspec
I, [2014-11-26T12:10:39.874474 #28361]  INFO -- : 0:  jbuilder (2.2.5) from /home/nithin/.rvm/gems/ruby-2.1.0/specifications/jbuilder-2.2.5.gemspec
I, [2014-11-26T12:10:39.874776 #28361]  INFO -- : 0:  jquery-rails (3.1.2) from /home/nithin/.rvm/gems/ruby-2.1.0/specifications/jquery-rails-3.1.2.gemspec
I, [2014-11-26T12:10:39.875079 #28361]  INFO -- : 0:  bundler (1.5.1) from /home/nithin/.rvm/gems/ruby-2.1.0@global/specifications/bundler-1.5.1.gemspec
I, [2014-11-26T12:10:39.875393 #28361]  INFO -- : 0:  tilt (1.4.1) from /home/nithin/.rvm/gems/ruby-2.1.0@global/specifications/tilt-1.4.1.gemspec
I, [2014-11-26T12:10:39.875702 #28361]  INFO -- : 0:  sprockets (2.12.3) from /home/nithin/.rvm/gems/ruby-2.1.0/specifications/sprockets-2.12.3.gemspec
I, [2014-11-26T12:10:39.876000 #28361]  INFO -- : 0:  sprockets-rails (2.2.1) from /home/nithin/.rvm/gems/ruby-2.1.0/specifications/sprockets-rails-2.2.1.gemspec
I, [2014-11-26T12:10:39.876335 #28361]  INFO -- : 0:  rails (4.1.5) from /home/nithin/.rvm/gems/ruby-2.1.0/specifications/rails-4.1.5.gemspec
I, [2014-11-26T12:10:39.876635 #28361]  INFO -- : 0:  rdoc (4.1.2) from /home/nithin/.rvm/gems/ruby-2.1.0/specifications/rdoc-4.1.2.gemspec
I, [2014-11-26T12:10:39.876932 #28361]  INFO -- : 0:  sass (3.2.19) from /home/nithin/.rvm/gems/ruby-2.1.0/specifications/sass-3.2.19.gemspec
I, [2014-11-26T12:10:39.877239 #28361]  INFO -- : 0:  sass-rails (4.0.5) from /home/nithin/.rvm/gems/ruby-2.1.0/specifications/sass-rails-4.0.5.gemspec
I, [2014-11-26T12:10:39.877525 #28361]  INFO -- : 0:  sdoc (0.4.1) from /home/nithin/.rvm/gems/ruby-2.1.0/specifications/sdoc-0.4.1.gemspec
I, [2014-11-26T12:10:39.877835 #28361]  INFO -- : 0:  spring (1.2.0) from /home/nithin/.rvm/gems/ruby-2.1.0/specifications/spring-1.2.0.gemspec
I, [2014-11-26T12:10:39.878150 #28361]  INFO -- : 0:  sqlite3 (1.3.10) from /home/nithin/.rvm/gems/ruby-2.1.0/specifications/sqlite3-1.3.10.gemspec
I, [2014-11-26T12:10:39.878475 #28361]  INFO -- : 0:  turbolinks (2.5.2) from /home/nithin/.rvm/gems/ruby-2.1.0/specifications/turbolinks-2.5.2.gemspec
I, [2014-11-26T12:10:39.878790 #28361]  INFO -- : 0:  uglifier (2.5.3) from /home/nithin/.rvm/gems/ruby-2.1.0/specifications/uglifier-2.5.3.gemspec
I, [2014-11-26T12:15:45.470981 #28440]  INFO -- : 0:  rake (10.4.0) from /home/nithin/.rvm/gems/ruby-2.1.0/specifications/rake-10.4.0.gemspec
I, [2014-11-26T12:15:45.471473 #28440]  INFO -- : 0:  i18n (0.6.11) from /home/nithin/.rvm/gems/ruby-2.1.0/specifications/i18n-0.6.11.gemspec
I, [2014-11-26T12:15:45.471801 #28440]  INFO -- : 0:  json (1.8.1) from /home/nithin/.rvm/rubies/ruby-2.1.0/lib/ruby/gems/2.1.0/specifications/default/json-1.8.1.gemspec
I, [2014-11-26T12:15:45.472153 #28440]  INFO -- : 0:  minitest (5.4.3) from /home/nithin/.rvm/gems/ruby-2.1.0/specifications/minitest-5.4.3.gemspec
I, [2014-11-26T12:15:45.472472 #28440]  INFO -- : 0:  thread_safe (0.3.4) from /home/nithin/.rvm/gems/ruby-2.1.0/specifications/thread_safe-0.3.4.gemspec
I, [2014-11-26T12:15:45.472803 #28440]  INFO -- : 0:  tzinfo (1.2.2) from /home/nithin/.rvm/gems/ruby-2.1.0/specifications/tzinfo-1.2.2.gemspec
I, [2014-11-26T12:15:45.473130 #28440]  INFO -- : 0:  activesupport (4.1.5) from /home/nithin/.rvm/gems/ruby-2.1.0/specifications/activesupport-4.1.5.gemspec
I, [2014-11-26T12:15:45.473443 #28440]  INFO -- : 0:  builder (3.2.2) from /home/nithin/.rvm/gems/ruby-2.1.0@global/specifications/builder-3.2.2.gemspec
I, [2014-11-26T12:15:45.473729 #28440]  INFO -- : 0:  erubis (2.7.0) from /home/nithin/.rvm/gems/ruby-2.1.0@global/specifications/erubis-2.7.0.gemspec
I, [2014-11-26T12:15:45.474044 #28440]  INFO -- : 0:  actionview (4.1.5) from /home/nithin/.rvm/gems/ruby-2.1.0/specifications/actionview-4.1.5.gemspec
I, [2014-11-26T12:15:45.474342 #28440]  INFO -- : 0:  rack (1.5.2) from /home/nithin/.rvm/gems/ruby-2.1.0/specifications/rack-1.5.2.gemspec
I, [2014-11-26T12:15:45.474640 #28440]  INFO -- : 0:  rack-test (0.6.2) from /home/nithin/.rvm/gems/ruby-2.1.0/specifications/rack-test-0.6.2.gemspec
I, [2014-11-26T12:15:45.474952 #28440]  INFO -- : 0:  actionpack (4.1.5) from /home/nithin/.rvm/gems/ruby-2.1.0/specifications/actionpack-4.1.5.gemspec
I, [2014-11-26T12:15:45.475273 #28440]  INFO -- : 0:  mime-types (1.25.1) from /home/nithin/.rvm/gems/ruby-2.1.0@global/specifications/mime-types-1.25.1.gemspec
I, [2014-11-26T12:15:45.475584 #28440]  INFO -- : 0:  polyglot (0.3.5) from /home/nithin/.rvm/gems/ruby-2.1.0/specifications/polyglot-0.3.5.gemspec
I, [2014-11-26T12:15:45.475898 #28440]  INFO -- : 0:  treetop (1.4.15) from /home/nithin/.rvm/gems/ruby-2.1.0@global/specifications/treetop-1.4.15.gemspec
I, [2014-11-26T12:15:45.476211 #28440]  INFO -- : 0:  mail (2.5.4) from /home/nithin/.rvm/gems/ruby-2.1.0@global/specifications/mail-2.5.4.gemspec
I, [2014-11-26T12:15:45.476549 #28440]  INFO -- : 0:  actionmailer (4.1.5) from /home/nithin/.rvm/gems/ruby-2.1.0/specifications/actionmailer-4.1.5.gemspec
I, [2014-11-26T12:15:45.476862 #28440]  INFO -- : 0:  activemodel (4.1.5) from /home/nithin/.rvm/gems/ruby-2.1.0/specifications/activemodel-4.1.5.gemspec
I, [2014-11-26T12:15:45.477172 #28440]  INFO -- : 0:  arel (5.0.1.20140414130214) from /home/nithin/.rvm/gems/ruby-2.1.0/specifications/arel-5.0.1.20140414130214.gemspec
I, [2014-11-26T12:15:45.477472 #28440]  INFO -- : 0:  activerecord (4.1.5) from /home/nithin/.rvm/gems/ruby-2.1.0/specifications/activerecord-4.1.5.gemspec
I, [2014-11-26T12:15:45.477765 #28440]  INFO -- : 0:  bcrypt (3.1.9) from /home/nithin/.rvm/gems/ruby-2.1.0/specifications/bcrypt-3.1.9.gemspec
I, [2014-11-26T12:15:45.478080 #28440]  INFO -- : 0:  coffee-script-source (1.8.0) from /home/nithin/.rvm/gems/ruby-2.1.0/specifications/coffee-script-source-1.8.0.gemspec
I, [2014-11-26T12:15:45.478385 #28440]  INFO -- : 0:  execjs (2.2.2) from /home/nithin/.rvm/gems/ruby-2.1.0/specifications/execjs-2.2.2.gemspec
I, [2014-11-26T12:15:45.478707 #28440]  INFO -- : 0:  coffee-script (2.3.0) from /home/nithin/.rvm/gems/ruby-2.1.0/specifications/coffee-script-2.3.0.gemspec
I, [2014-11-26T12:15:45.479030 #28440]  INFO -- : 0:  thor (0.19.1) from /home/nithin/.rvm/gems/ruby-2.1.0/specifications/thor-0.19.1.gemspec
I, [2014-11-26T12:15:45.479352 #28440]  INFO -- : 0:  railties (4.1.5) from /home/nithin/.rvm/gems/ruby-2.1.0/specifications/railties-4.1.5.gemspec
I, [2014-11-26T12:15:45.479647 #28440]  INFO -- : 0:  coffee-rails (4.0.1) from /home/nithin/.rvm/gems/ruby-2.1.0/specifications/coffee-rails-4.0.1.gemspec
I, [2014-11-26T12:15:45.479946 #28440]  INFO -- : 0:  hike (1.2.3) from /home/nithin/.rvm/gems/ruby-2.1.0@global/specifications/hike-1.2.3.gemspec
I, [2014-11-26T12:15:45.480260 #28440]  INFO -- : 0:  multi_json (1.10.1) from /home/nithin/.rvm/gems/ruby-2.1.0/specifications/multi_json-1.10.1.gemspec
I, [2014-11-26T12:15:45.480574 #28440]  INFO -- : 0:  jbuilder (2.2.5) from /home/nithin/.rvm/gems/ruby-2.1.0/specifications/jbuilder-2.2.5.gemspec
I, [2014-11-26T12:15:45.480890 #28440]  INFO -- : 0:  jquery-rails (3.1.2) from /home/nithin/.rvm/gems/ruby-2.1.0/specifications/jquery-rails-3.1.2.gemspec
I, [2014-11-26T12:15:45.481186 #28440]  INFO -- : 0:  bundler (1.5.1) from /home/nithin/.rvm/gems/ruby-2.1.0@global/specifications/bundler-1.5.1.gemspec
I, [2014-11-26T12:15:45.481497 #28440]  INFO -- : 0:  tilt (1.4.1) from /home/nithin/.rvm/gems/ruby-2.1.0@global/specifications/tilt-1.4.1.gemspec
I, [2014-11-26T12:15:45.481817 #28440]  INFO -- : 0:  sprockets (2.12.3) from /home/nithin/.rvm/gems/ruby-2.1.0/specifications/sprockets-2.12.3.gemspec
I, [2014-11-26T12:15:45.482124 #28440]  INFO -- : 0:  sprockets-rails (2.2.1) from /home/nithin/.rvm/gems/ruby-2.1.0/specifications/sprockets-rails-2.2.1.gemspec
I, [2014-11-26T12:15:45.482439 #28440]  INFO -- : 0:  rails (4.1.5) from /home/nithin/.rvm/gems/ruby-2.1.0/specifications/rails-4.1.5.gemspec
I, [2014-11-26T12:15:45.482750 #28440]  INFO -- : 0:  rdoc (4.1.2) from /home/nithin/.rvm/gems/ruby-2.1.0/specifications/rdoc-4.1.2.gemspec
I, [2014-11-26T12:15:45.483064 #28440]  INFO -- : 0:  sass (3.2.19) from /home/nithin/.rvm/gems/ruby-2.1.0/specifications/sass-3.2.19.gemspec
I, [2014-11-26T12:15:45.483371 #28440]  INFO -- : 0:  sass-rails (4.0.5) from /home/nithin/.rvm/gems/ruby-2.1.0/specifications/sass-rails-4.0.5.gemspec
I, [2014-11-26T12:15:45.483791 #28440]  INFO -- : 0:  sdoc (0.4.1) from /home/nithin/.rvm/gems/ruby-2.1.0/specifications/sdoc-0.4.1.gemspec
I, [2014-11-26T12:15:45.484101 #28440]  INFO -- : 0:  spring (1.2.0) from /home/nithin/.rvm/gems/ruby-2.1.0/specifications/spring-1.2.0.gemspec
I, [2014-11-26T12:15:45.484413 #28440]  INFO -- : 0:  sqlite3 (1.3.10) from /home/nithin/.rvm/gems/ruby-2.1.0/specifications/sqlite3-1.3.10.gemspec
I, [2014-11-26T12:15:45.484730 #28440]  INFO -- : 0:  turbolinks (2.5.2) from /home/nithin/.rvm/gems/ruby-2.1.0/specifications/turbolinks-2.5.2.gemspec
I, [2014-11-26T12:15:45.485045 #28440]  INFO -- : 0:  uglifier (2.5.3) from /home/nithin/.rvm/gems/ruby-2.1.0/specifications/uglifier-2.5.3.gemspec
